<?xml version="1.0" encoding="UTF-8"?>
<testsuite xmlns:xsi="http://www.w3.org/2001/XMLSchema-instance" xsi:noNamespaceSchemaLocation="https://maven.apache.org/surefire/maven-surefire-plugin/xsd/surefire-test-report-3.0.xsd" version="3.0" name="com.example.S3EventHandlerTest" time="1.647" tests="1" errors="0" skipped="0" failures="0">
  <properties>
[...]
</properties>
  <testcase name="testHandleRequest_Success" classname="com.example.S3EventHandlerTest" time="1.613">
    <system-err><![CDATA[WARNING: A Java agent has been loaded dynamically (C:\Users\NicholasOppong\.m2\repository\net\bytebuddy\byte-buddy-agent\1.14.5\byte-buddy-agent-1.14.5.jar)
WARNING: If a serviceability tool is in use, please run with -XX:+EnableDynamicAgentLoading to hide this warning
WARNING: If a serviceability tool is not in use, please run with -Djdk.instrument.traceUsage for more information
WARNING: Dynamic loading of agents will be disallowed by default in a future release
Apr 07, 2025 11:12:46 AM com.example.S3EventHandler handleRequest
INFO: Received S3 event: {[com.amazonaws.services.lambda.runtime.events.models.s3.S3EventNotification$S3EventNotificationRecord@ffaaaf0]}
Apr 07, 2025 11:12:46 AM com.example.S3EventHandler handleRequest
INFO: Processing new file upload: test-key in bucket: test-bucket
Apr 07, 2025 11:12:46 AM com.example.S3EventHandler handleRequest
INFO: Notification sent successfully. Message ID: test-message-id
]]></system-err>
  </testcase>
</testsuite>